[data_loader] 加载日线数据...
[data_loader] 按成分股过滤(宽池): 9398246 行
[data_loader] 按日期过滤: 6213648 行
[data_loader] 去ST/停牌后: 6021163 行
[data_loader] 加载财务数据...
[data_loader] 面板构建完成: (6021163, 11)
=== 方案A：成交额阈值过滤（全周期）===
[backtest_sl] 区间: 2018-07-31 ~ 2026-06-18
[backtest_sl] 调仓: 57次, 止损线: -12%
[backtest_sl] 动态滚动universe
阈值2000万 | 年化=17.1% 夏普=0.53 回撤=-19.8% (87s)
[backtest_sl] 区间: 2018-07-31 ~ 2026-06-18
[backtest_sl] 调仓: 57次, 止损线: -12%
[backtest_sl] 动态滚动universe
阈值3000万 | 年化=18.0% 夏普=0.53 回撤=-19.1% (85s)
[backtest_sl] 区间: 2018-07-31 ~ 2026-06-18
[backtest_sl] 调仓: 57次, 止损线: -12%
[backtest_sl] 动态滚动universe
阈值5000万 | 年化=7.0% 夏普=0.17 回撤=-16.6% (91s)

=== 方案B：分级交易成本（全周期，0-30亿）===
[backtest_sl] 区间: 2018-07-31 ~ 2026-06-18
[backtest_sl] 调仓: 57次, 止损线: -12%
[backtest_sl] 动态滚动universe
成本0.15% | 年化=15.5% 夏普=0.52 回撤=-20.5% (59s)
[backtest_sl] 区间: 2018-07-31 ~ 2026-06-18
[backtest_sl] 调仓: 57次, 止损线: -12%
[backtest_sl] 动态滚动universe
成本0.30% | 年化=15.5% 夏普=0.45 回撤=-20.5% (62s)
[backtest_sl] 区间: 2018-07-31 ~ 2026-06-18
[backtest_sl] 调仓: 57次, 止损线: -12%
[backtest_sl] 动态滚动universe
成本0.50% | 年化=15.5% 夏普=0.35 回撤=-20.5% (59s)

完成! Phase 2 结果已保存
       方案  年化收益 夏普比率   最大回撤  胜率 过滤后剩余股数  耗时(秒)
A_阈值2000万 17.1% 0.53 -19.8% 52%     N/A   87.4
A_阈值3000万 18.0% 0.53 -19.1% 50%     N/A   85.3
A_阈值5000万  7.0% 0.17 -16.6% 48%     N/A   91.1
B_成本0.15% 15.5% 0.52 -20.5% 55%     N/A   59.2
B_成本0.30% 15.5% 0.45 -20.5% 55%     N/A   62.5
B_成本0.50% 15.5% 0.35 -20.5% 55%     N/A   59.1
