[data_loader] 加载日线数据...
[data_loader] 按成分股过滤(宽池): 9398246 行
[data_loader] 按日期过滤: 6213648 行
[data_loader] 去ST/停牌后: 6021163 行
[data_loader] 加载财务数据...
[data_loader] 面板构建完成: (6021163, 11)
面板加载完成: (6021163, 11)
[backtest] 回测区间: 2018-07-31 ~ 2026-06-18
[backtest] 调仓次数: 57
[backtest] 使用动态滚动universe
  [skip] 2021-11-30: 评分不足 50
  [skip] 2021-12-31: 评分不足 50
  [skip] 2022-07-29: 评分不足 50
  [skip] 2022-11-30: 评分不足 50
  [skip] 2022-12-30: 评分不足 50
  [skip] 2023-01-31: 评分不足 50
  [skip] 2023-03-31: 评分不足 50
  [skip] 2023-05-31: 评分不足 50
  [skip] 2023-07-31: 评分不足 50
  [skip] 2023-09-28: 评分不足 50
  [skip] 2023-11-30: 评分不足 50
  [skip] 2023-12-29: 评分不足 50
  [skip] 2024-03-29: 评分不足 50
  [skip] 2024-09-30: 评分不足 50
  [skip] 2024-11-29: 评分不足 50
  [skip] 2024-12-31: 评分不足 50
  [skip] 2025-01-27: 评分不足 50
  [skip] 2025-03-31: 评分不足 50
  [skip] 2025-05-30: 评分不足 50
  [skip] 2025-07-31: 评分不足 50
  [skip] 2025-09-30: 评分不足 50
  [skip] 2025-11-28: 评分不足 50
  [skip] 2025-12-31: 评分不足 50
  [skip] 2026-01-30: 评分不足 50
  [skip] 2026-03-31: 评分不足 50
  [skip] 2026-05-29: 评分不足 50
  [skip] 2026-06-18: 评分不足 50
[1/5] 基础4因子 138s 年化=10.7% 夏普=0.41
[backtest] 回测区间: 2018-07-31 ~ 2026-06-18
[backtest] 调仓次数: 57
[backtest] 使用动态滚动universe
  [skip] 2021-11-30: 评分不足 50
  [skip] 2021-12-31: 评分不足 50
  [skip] 2022-07-29: 评分不足 50
  [skip] 2022-11-30: 评分不足 50
  [skip] 2022-12-30: 评分不足 50
  [skip] 2023-01-31: 评分不足 50
  [skip] 2023-03-31: 评分不足 50
  [skip] 2023-05-31: 评分不足 50
  [skip] 2023-07-31: 评分不足 50
  [skip] 2023-09-28: 评分不足 50
  [skip] 2023-11-30: 评分不足 50
  [skip] 2023-12-29: 评分不足 50
  [skip] 2024-03-29: 评分不足 50
  [skip] 2024-09-30: 评分不足 50
  [skip] 2024-11-29: 评分不足 50
  [skip] 2024-12-31: 评分不足 50
  [skip] 2025-01-27: 评分不足 50
  [skip] 2025-03-31: 评分不足 50
  [skip] 2025-05-30: 评分不足 50
  [skip] 2025-07-31: 评分不足 50
  [skip] 2025-09-30: 评分不足 50
  [skip] 2025-11-28: 评分不足 50
  [skip] 2025-12-31: 评分不足 50
  [skip] 2026-01-30: 评分不足 50
  [skip] 2026-03-31: 评分不足 50
  [skip] 2026-05-29: 评分不足 50
  [skip] 2026-06-18: 评分不足 50
[2/5] 价值+质量 127s 年化=10.9% 夏普=0.42
[backtest] 回测区间: 2018-07-31 ~ 2026-06-18
[backtest] 调仓次数: 57
[backtest] 使用动态滚动universe
  [skip] 2021-11-30: 评分不足 50
  [skip] 2021-12-31: 评分不足 50
  [skip] 2022-07-29: 评分不足 50
  [skip] 2022-11-30: 评分不足 50
  [skip] 2022-12-30: 评分不足 50
  [skip] 2023-01-31: 评分不足 50
  [skip] 2023-03-31: 评分不足 50
  [skip] 2023-05-31: 评分不足 50
  [skip] 2023-07-31: 评分不足 50
  [skip] 2023-09-28: 评分不足 50
  [skip] 2023-11-30: 评分不足 50
  [skip] 2023-12-29: 评分不足 50
  [skip] 2024-03-29: 评分不足 50
  [skip] 2024-09-30: 评分不足 50
  [skip] 2024-11-29: 评分不足 50
  [skip] 2024-12-31: 评分不足 50
  [skip] 2025-01-27: 评分不足 50
  [skip] 2025-03-31: 评分不足 50
  [skip] 2025-05-30: 评分不足 50
  [skip] 2025-07-31: 评分不足 50
  [skip] 2025-09-30: 评分不足 50
  [skip] 2025-11-28: 评分不足 50
  [skip] 2025-12-31: 评分不足 50
  [skip] 2026-01-30: 评分不足 50
  [skip] 2026-03-31: 评分不足 50
  [skip] 2026-05-29: 评分不足 50
  [skip] 2026-06-18: 评分不足 50
[3/5] 动量+低波 143s 年化=11.0% 夏普=0.45
[backtest] 回测区间: 2018-07-31 ~ 2026-06-18
[backtest] 调仓次数: 57
[backtest] 使用动态滚动universe
  [skip] 2021-11-30: 评分不足 50
  [skip] 2021-12-31: 评分不足 50
  [skip] 2022-07-29: 评分不足 50
  [skip] 2022-11-30: 评分不足 50
  [skip] 2022-12-30: 评分不足 50
  [skip] 2023-01-31: 评分不足 50
  [skip] 2023-03-31: 评分不足 50
  [skip] 2023-05-31: 评分不足 50
  [skip] 2023-07-31: 评分不足 50
  [skip] 2023-09-28: 评分不足 50
  [skip] 2023-11-30: 评分不足 50
  [skip] 2023-12-29: 评分不足 50
  [skip] 2024-03-29: 评分不足 50
  [skip] 2024-09-30: 评分不足 50
  [skip] 2024-11-29: 评分不足 50
  [skip] 2024-12-31: 评分不足 50
  [skip] 2025-01-27: 评分不足 50
  [skip] 2025-03-31: 评分不足 50
  [skip] 2025-05-30: 评分不足 50
  [skip] 2025-07-31: 评分不足 50
  [skip] 2025-09-30: 评分不足 50
  [skip] 2025-11-28: 评分不足 50
  [skip] 2025-12-31: 评分不足 50
  [skip] 2026-01-30: 评分不足 50
  [skip] 2026-03-31: 评分不足 50
  [skip] 2026-05-29: 评分不足 50
  [skip] 2026-06-18: 评分不足 50
[4/5] 全因子等权 100s 年化=11.5% 夏普=0.46
[backtest] 回测区间: 2018-07-31 ~ 2026-06-18
[backtest] 调仓次数: 57
[backtest] 使用动态滚动universe
  [skip] 2021-11-30: 评分不足 50
  [skip] 2021-12-31: 评分不足 50
  [skip] 2022-07-29: 评分不足 50
  [skip] 2022-11-30: 评分不足 50
  [skip] 2022-12-30: 评分不足 50
  [skip] 2023-01-31: 评分不足 50
  [skip] 2023-03-31: 评分不足 50
  [skip] 2023-05-31: 评分不足 50
  [skip] 2023-07-31: 评分不足 50
  [skip] 2023-09-28: 评分不足 50
  [skip] 2023-11-30: 评分不足 50
  [skip] 2023-12-29: 评分不足 50
  [skip] 2024-03-29: 评分不足 50
  [skip] 2024-09-30: 评分不足 50
  [skip] 2024-11-29: 评分不足 50
  [skip] 2024-12-31: 评分不足 50
  [skip] 2025-01-27: 评分不足 50
  [skip] 2025-03-31: 评分不足 50
  [skip] 2025-05-30: 评分不足 50
  [skip] 2025-07-31: 评分不足 50
  [skip] 2025-09-30: 评分不足 50
  [skip] 2025-11-28: 评分不足 50
  [skip] 2025-12-31: 评分不足 50
  [skip] 2026-01-30: 评分不足 50
  [skip] 2026-03-31: 评分不足 50
  [skip] 2026-05-29: 评分不足 50
  [skip] 2026-06-18: 评分不足 50
[5/5] 价值+低波(无动量) 91s 年化=11.1% 夏普=0.43

完成! 因子组合对比已保存: D:/QMT_STRATEGIES/research/multi_factor_ic/reports/v3_optimize/factor_combos.csv
      因子组合  年化收益 夏普比率   最大回撤  胜率  耗时(秒)
     基础4因子 10.7% 0.41 -22.4% 47%  137.9
     价值+质量 10.9% 0.42 -23.7% 53%  127.1
     动量+低波 11.0% 0.45 -20.2% 47%  142.9
     全因子等权 11.5% 0.46 -22.8% 57%  100.0
价值+低波(无动量) 11.1% 0.43 -21.3% 53%   90.6
