[data_loader] 加载日线数据...
[data_loader] 按成分股过滤(宽池): 9398246 行
[data_loader] 按日期过滤: 6213648 行
[data_loader] 去ST/停牌后: 6021163 行
[data_loader] 加载财务数据...
[data_loader] 面板构建完成: (6021163, 11)
面板加载完成: (6021163, 11)
[backtest] 回测区间: 2018-07-31 ~ 2026-06-18
[backtest] 调仓次数: 57
[backtest] 使用动态滚动universe
  [skip] 2021-11-30: 评分不足 50
  [skip] 2021-12-31: 评分不足 50
  [skip] 2022-07-29: 评分不足 50
  [skip] 2022-11-30: 评分不足 50
  [skip] 2022-12-30: 评分不足 50
  [skip] 2023-01-31: 评分不足 50
  [skip] 2023-03-31: 评分不足 50
  [skip] 2023-05-31: 评分不足 50
  [skip] 2023-07-31: 评分不足 50
  [skip] 2023-09-28: 评分不足 50
  [skip] 2023-11-30: 评分不足 50
  [skip] 2023-12-29: 评分不足 50
  [skip] 2024-03-29: 评分不足 50
  [skip] 2024-09-30: 评分不足 50
  [skip] 2024-11-29: 评分不足 50
  [skip] 2024-12-31: 评分不足 50
  [skip] 2025-01-27: 评分不足 50
  [skip] 2025-03-31: 评分不足 50
  [skip] 2025-05-30: 评分不足 50
  [skip] 2025-07-31: 评分不足 50
  [skip] 2025-09-30: 评分不足 50
  [skip] 2025-11-28: 评分不足 50
  [skip] 2025-12-31: 评分不足 50
  [skip] 2026-01-30: 评分不足 50
  [skip] 2026-03-31: 评分不足 50
  [skip] 2026-05-29: 评分不足 50
  [skip] 2026-06-18: 评分不足 50
[1/5] 等权 91s 年化=11.2% 夏普=0.43
[backtest] 回测区间: 2018-07-31 ~ 2026-06-18
[backtest] 调仓次数: 57
[backtest] 使用动态滚动universe
  [skip] 2021-11-30: 评分不足 50
  [skip] 2021-12-31: 评分不足 50
  [skip] 2022-07-29: 评分不足 50
  [skip] 2022-11-30: 评分不足 50
  [skip] 2022-12-30: 评分不足 50
  [skip] 2023-01-31: 评分不足 50
  [skip] 2023-03-31: 评分不足 50
  [skip] 2023-05-31: 评分不足 50
  [skip] 2023-07-31: 评分不足 50
  [skip] 2023-09-28: 评分不足 50
  [skip] 2023-11-30: 评分不足 50
  [skip] 2023-12-29: 评分不足 50
  [skip] 2024-03-29: 评分不足 50
  [skip] 2024-09-30: 评分不足 50
  [skip] 2024-11-29: 评分不足 50
  [skip] 2024-12-31: 评分不足 50
  [skip] 2025-01-27: 评分不足 50
  [skip] 2025-03-31: 评分不足 50
  [skip] 2025-05-30: 评分不足 50
  [skip] 2025-07-31: 评分不足 50
  [skip] 2025-09-30: 评分不足 50
  [skip] 2025-11-28: 评分不足 50
  [skip] 2025-12-31: 评分不足 50
  [skip] 2026-01-30: 评分不足 50
  [skip] 2026-03-31: 评分不足 50
  [skip] 2026-05-29: 评分不足 50
  [skip] 2026-06-18: 评分不足 50
[2/5] 原权重 90s 年化=10.7% 夏普=0.41
[backtest] 回测区间: 2018-07-31 ~ 2026-06-18
[backtest] 调仓次数: 57
[backtest] 使用动态滚动universe
  [skip] 2021-11-30: 评分不足 50
  [skip] 2021-12-31: 评分不足 50
  [skip] 2022-07-29: 评分不足 50
  [skip] 2022-11-30: 评分不足 50
  [skip] 2022-12-30: 评分不足 50
  [skip] 2023-01-31: 评分不足 50
  [skip] 2023-03-31: 评分不足 50
  [skip] 2023-05-31: 评分不足 50
  [skip] 2023-07-31: 评分不足 50
  [skip] 2023-09-28: 评分不足 50
  [skip] 2023-11-30: 评分不足 50
  [skip] 2023-12-29: 评分不足 50
  [skip] 2024-03-29: 评分不足 50
  [skip] 2024-09-30: 评分不足 50
  [skip] 2024-11-29: 评分不足 50
  [skip] 2024-12-31: 评分不足 50
  [skip] 2025-01-27: 评分不足 50
  [skip] 2025-03-31: 评分不足 50
  [skip] 2025-05-30: 评分不足 50
  [skip] 2025-07-31: 评分不足 50
  [skip] 2025-09-30: 评分不足 50
  [skip] 2025-11-28: 评分不足 50
  [skip] 2025-12-31: 评分不足 50
  [skip] 2026-01-30: 评分不足 50
  [skip] 2026-03-31: 评分不足 50
  [skip] 2026-05-29: 评分不足 50
  [skip] 2026-06-18: 评分不足 50
[3/5] IC加权 89s 年化=11.3% 夏普=0.44
[backtest] 回测区间: 2018-07-31 ~ 2026-06-18
[backtest] 调仓次数: 57
[backtest] 使用动态滚动universe
  [skip] 2021-11-30: 评分不足 50
  [skip] 2021-12-31: 评分不足 50
  [skip] 2022-07-29: 评分不足 50
  [skip] 2022-11-30: 评分不足 50
  [skip] 2022-12-30: 评分不足 50
  [skip] 2023-01-31: 评分不足 50
  [skip] 2023-03-31: 评分不足 50
  [skip] 2023-05-31: 评分不足 50
  [skip] 2023-07-31: 评分不足 50
  [skip] 2023-09-28: 评分不足 50
  [skip] 2023-11-30: 评分不足 50
  [skip] 2023-12-29: 评分不足 50
  [skip] 2024-03-29: 评分不足 50
  [skip] 2024-09-30: 评分不足 50
  [skip] 2024-11-29: 评分不足 50
  [skip] 2024-12-31: 评分不足 50
  [skip] 2025-01-27: 评分不足 50
  [skip] 2025-03-31: 评分不足 50
  [skip] 2025-05-30: 评分不足 50
  [skip] 2025-07-31: 评分不足 50
  [skip] 2025-09-30: 评分不足 50
  [skip] 2025-11-28: 评分不足 50
  [skip] 2025-12-31: 评分不足 50
  [skip] 2026-01-30: 评分不足 50
  [skip] 2026-03-31: 评分不足 50
  [skip] 2026-05-29: 评分不足 50
  [skip] 2026-06-18: 评分不足 50
[4/5] BP主导 77s 年化=11.4% 夏普=0.44
[backtest] 回测区间: 2018-07-31 ~ 2026-06-18
[backtest] 调仓次数: 57
[backtest] 使用动态滚动universe
  [skip] 2021-11-30: 评分不足 50
  [skip] 2021-12-31: 评分不足 50
  [skip] 2022-07-29: 评分不足 50
  [skip] 2022-11-30: 评分不足 50
  [skip] 2022-12-30: 评分不足 50
  [skip] 2023-01-31: 评分不足 50
  [skip] 2023-03-31: 评分不足 50
  [skip] 2023-05-31: 评分不足 50
  [skip] 2023-07-31: 评分不足 50
  [skip] 2023-09-28: 评分不足 50
  [skip] 2023-11-30: 评分不足 50
  [skip] 2023-12-29: 评分不足 50
  [skip] 2024-03-29: 评分不足 50
  [skip] 2024-09-30: 评分不足 50
  [skip] 2024-11-29: 评分不足 50
  [skip] 2024-12-31: 评分不足 50
  [skip] 2025-01-27: 评分不足 50
  [skip] 2025-03-31: 评分不足 50
  [skip] 2025-05-30: 评分不足 50
  [skip] 2025-07-31: 评分不足 50
  [skip] 2025-09-30: 评分不足 50
  [skip] 2025-11-28: 评分不足 50
  [skip] 2025-12-31: 评分不足 50
  [skip] 2026-01-30: 评分不足 50
  [skip] 2026-03-31: 评分不足 50
  [skip] 2026-05-29: 评分不足 50
  [skip] 2026-06-18: 评分不足 50
[5/5] 低波主导 77s 年化=11.8% 夏普=0.48

完成! 权重对比已保存: D:/QMT_STRATEGIES/research/multi_factor_ic/reports/v3_optimize/factor_weights.csv
权重方案  年化收益 夏普比率   最大回撤  胜率  耗时(秒)
  等权 11.2% 0.43 -26.1% 50%   91.1
 原权重 10.7% 0.41 -22.4% 47%   90.4
IC加权 11.3% 0.44 -20.9% 47%   88.8
BP主导 11.4% 0.44 -21.7% 50%   77.3
低波主导 11.8% 0.48 -23.0% 53%   77.3
