参数矩阵: 140组
[data_loader] 加载日线数据...
[data_loader] 按成分股过滤(宽池): 9398246 行
[data_loader] 按日期过滤: 6213648 行
[data_loader] 去ST/停牌后: 6021163 行
[data_loader] 加载财务数据...
[data_loader] 面板构建完成: (6021163, 11)
面板加载完成: (6021163, 11)
已有 30 组结果，继续未完成部分
[backtest] 回测区间: 2018-07-31 ~ 2026-06-18
[backtest] 调仓次数: 96
[backtest] 使用动态滚动universe
[  1/140] 103s | M TOP20 止损=无 全池 年化=-0.4% 夏普=-0.01 回撤=-27.3%
[backtest] 回测区间: 2018-07-31 ~ 2026-06-18
[backtest] 调仓次数: 96
[backtest] 使用动态滚动universe
  [skip] 2021-12-31: 评分不足 20
  [skip] 2022-07-29: 评分不足 20
  [skip] 2022-11-30: 评分不足 20
  [skip] 2023-01-31: 评分不足 20
  [skip] 2023-02-28: 评分不足 20
  [skip] 2023-03-31: 评分不足 20
  [skip] 2023-04-28: 评分不足 20
  [skip] 2023-05-31: 评分不足 20
  [skip] 2023-06-30: 评分不足 20
  [skip] 2023-07-31: 评分不足 20
  [skip] 2023-08-31: 评分不足 20
  [skip] 2023-09-28: 评分不足 20
  [skip] 2023-10-31: 评分不足 20
  [skip] 2023-11-30: 评分不足 20
  [skip] 2023-12-29: 评分不足 20
  [skip] 2024-09-30: 评分不足 20
  [skip] 2024-10-31: 评分不足 20
  [skip] 2024-11-29: 评分不足 20
  [skip] 2024-12-31: 评分不足 20
  [skip] 2025-01-27: 评分不足 20
  [skip] 2025-02-28: 评分不足 20
  [skip] 2025-03-31: 评分不足 20
  [skip] 2025-04-30: 评分不足 20
  [skip] 2025-05-30: 评分不足 20
  [skip] 2025-06-30: 评分不足 20
  [skip] 2025-07-31: 评分不足 20
  [skip] 2025-08-29: 评分不足 20
  [skip] 2025-09-30: 评分不足 20
  [skip] 2025-10-31: 评分不足 20
  [skip] 2025-11-28: 评分不足 20
  [skip] 2025-12-31: 评分不足 20
  [skip] 2026-01-30: 评分不足 20
  [skip] 2026-02-27: 评分不足 20
  [skip] 2026-03-31: 评分不足 20
  [skip] 2026-04-30: 评分不足 20
  [skip] 2026-05-29: 评分不足 20
  [skip] 2026-06-18: 评分不足 20
[  2/140] 103s | M TOP20 止损=无 0-30亿 年化=10.3% 夏普=0.41 回撤=-28.3%
[backtest] 回测区间: 2018-07-31 ~ 2026-06-18
[backtest] 调仓次数: 96
[backtest] 使用动态滚动universe
[  3/140] 104s | M TOP20 止损=无 30-80亿 年化=1.4% 夏普=0.06 回撤=-31.7%
[backtest] 回测区间: 2018-07-31 ~ 2026-06-18
[backtest] 调仓次数: 96
[backtest] 使用动态滚动universe
  [skip] 2018-10-31: 评分不足 20
  [skip] 2018-11-30: 评分不足 20
  [skip] 2018-12-28: 评分不足 20
  [skip] 2019-01-31: 评分不足 20
[  4/140] 100s | M TOP20 止损=无 80亿+ 年化=-5.2% 夏普=-0.25 回撤=-36.5%
[backtest] 回测区间: 2018-07-31 ~ 2026-06-18
[backtest] 调仓次数: 96
[backtest] 使用动态滚动universe
[ 14/140] 103s | M TOP30 止损=无 全池 年化=0.0% 夏普=0.00 回撤=-29.0%
[backtest] 回测区间: 2018-07-31 ~ 2026-06-18
[backtest] 调仓次数: 96
[backtest] 使用动态滚动universe
  [skip] 2021-12-31: 评分不足 30
  [skip] 2022-02-28: 评分不足 30
  [skip] 2022-07-29: 评分不足 30
  [skip] 2022-11-30: 评分不足 30
  [skip] 2023-01-31: 评分不足 30
  [skip] 2023-02-28: 评分不足 30
  [skip] 2023-03-31: 评分不足 30
  [skip] 2023-04-28: 评分不足 30
  [skip] 2023-05-31: 评分不足 30
  [skip] 2023-06-30: 评分不足 30
  [skip] 2023-07-31: 评分不足 30
  [skip] 2023-08-31: 评分不足 30
  [skip] 2023-09-28: 评分不足 30
  [skip] 2023-10-31: 评分不足 30
  [skip] 2023-11-30: 评分不足 30
  [skip] 2023-12-29: 评分不足 30
  [skip] 2024-09-30: 评分不足 30
  [skip] 2024-10-31: 评分不足 30
  [skip] 2024-11-29: 评分不足 30
  [skip] 2024-12-31: 评分不足 30
  [skip] 2025-01-27: 评分不足 30
  [skip] 2025-02-28: 评分不足 30
  [skip] 2025-03-31: 评分不足 30
  [skip] 2025-04-30: 评分不足 30
  [skip] 2025-05-30: 评分不足 30
  [skip] 2025-06-30: 评分不足 30
  [skip] 2025-07-31: 评分不足 30
  [skip] 2025-08-29: 评分不足 30
  [skip] 2025-09-30: 评分不足 30
  [skip] 2025-10-31: 评分不足 30
  [skip] 2025-11-28: 评分不足 30
  [skip] 2025-12-31: 评分不足 30
  [skip] 2026-01-30: 评分不足 30
  [skip] 2026-02-27: 评分不足 30
  [skip] 2026-03-31: 评分不足 30
  [skip] 2026-04-30: 评分不足 30
  [skip] 2026-05-29: 评分不足 30
  [skip] 2026-06-18: 评分不足 30
[ 15/140] 105s | M TOP30 止损=无 0-30亿 年化=12.0% 夏普=0.47 回撤=-26.9%
[backtest] 回测区间: 2018-07-31 ~ 2026-06-18
[backtest] 调仓次数: 96
[backtest] 使用动态滚动universe
[ 16/140] 102s | M TOP30 止损=无 30-80亿 年化=2.5% 夏普=0.11 回撤=-29.5%
[backtest] 回测区间: 2018-07-31 ~ 2026-06-18
[backtest] 调仓次数: 96
[backtest] 使用动态滚动universe
  [skip] 2018-08-31: 评分不足 30
  [skip] 2018-09-28: 评分不足 30
  [skip] 2018-10-31: 评分不足 30
  [skip] 2018-11-30: 评分不足 30
  [skip] 2018-12-28: 评分不足 30
  [skip] 2019-01-31: 评分不足 30
[ 17/140] 110s | M TOP30 止损=无 80亿+ 年化=-0.7% 夏普=-0.04 回撤=-27.4%
[backtest] 回测区间: 2018-07-31 ~ 2026-06-18
[backtest] 调仓次数: 96
[backtest] 使用动态滚动universe
[ 27/140] 111s | M TOP50 止损=无 全池 年化=1.3% 夏普=0.06 回撤=-28.1%
[backtest] 回测区间: 2018-07-31 ~ 2026-06-18
[backtest] 调仓次数: 96
[backtest] 使用动态滚动universe
  [skip] 2021-11-30: 评分不足 50
  [skip] 2021-12-31: 评分不足 50
  [skip] 2022-02-28: 评分不足 50
  [skip] 2022-07-29: 评分不足 50
  [skip] 2022-08-31: 评分不足 50
  [skip] 2022-11-30: 评分不足 50
  [skip] 2022-12-30: 评分不足 50
  [skip] 2023-01-31: 评分不足 50
  [skip] 2023-02-28: 评分不足 50
  [skip] 2023-03-31: 评分不足 50
  [skip] 2023-04-28: 评分不足 50
  [skip] 2023-05-31: 评分不足 50
  [skip] 2023-06-30: 评分不足 50
  [skip] 2023-07-31: 评分不足 50
  [skip] 2023-08-31: 评分不足 50
  [skip] 2023-09-28: 评分不足 50
  [skip] 2023-10-31: 评分不足 50
  [skip] 2023-11-30: 评分不足 50
  [skip] 2023-12-29: 评分不足 50
  [skip] 2024-03-29: 评分不足 50
  [skip] 2024-09-30: 评分不足 50
  [skip] 2024-10-31: 评分不足 50
  [skip] 2024-11-29: 评分不足 50
  [skip] 2024-12-31: 评分不足 50
  [skip] 2025-01-27: 评分不足 50
  [skip] 2025-02-28: 评分不足 50
  [skip] 2025-03-31: 评分不足 50
  [skip] 2025-04-30: 评分不足 50
  [skip] 2025-05-30: 评分不足 50
  [skip] 2025-06-30: 评分不足 50
  [skip] 2025-07-31: 评分不足 50
  [skip] 2025-08-29: 评分不足 50
  [skip] 2025-09-30: 评分不足 50
  [skip] 2025-10-31: 评分不足 50
  [skip] 2025-11-28: 评分不足 50
  [skip] 2025-12-31: 评分不足 50
  [skip] 2026-01-30: 评分不足 50
  [skip] 2026-02-27: 评分不足 50
  [skip] 2026-03-31: 评分不足 50
  [skip] 2026-04-30: 评分不足 50
  [skip] 2026-05-29: 评分不足 50
  [skip] 2026-06-18: 评分不足 50
[ 28/140] 110s | M TOP50 止损=无 0-30亿 年化=10.5% 夏普=0.42 回撤=-24.7%
  >> 已保存 40 组到 D:/QMT_STRATEGIES/research/multi_factor_ic/reports/v3_optimize/param_matrix_20260719.csv
[backtest] 回测区间: 2018-07-31 ~ 2026-06-18
[backtest] 调仓次数: 96
[backtest] 使用动态滚动universe
[ 29/140] 109s | M TOP50 止损=无 30-80亿 年化=3.2% 夏普=0.14 回撤=-29.7%
[backtest] 回测区间: 2018-07-31 ~ 2026-06-18
[backtest] 调仓次数: 96
[backtest] 使用动态滚动universe
  [skip] 2018-08-31: 评分不足 50
  [skip] 2018-09-28: 评分不足 50
  [skip] 2018-10-31: 评分不足 50
  [skip] 2018-11-30: 评分不足 50
  [skip] 2018-12-28: 评分不足 50
  [skip] 2019-01-31: 评分不足 50
[ 30/140] 109s | M TOP50 止损=无 80亿+ 年化=1.2% 夏普=0.04 回撤=-28.0%
[backtest_sl] 区间: 2018-07-31 ~ 2026-06-18
[backtest_sl] 调仓: 96次, 止损线: -10%
[backtest_sl] 动态滚动universe
[ 31/140] 99s | M TOP50 止损=-0.1 全池 年化=4.1% 夏普=-0.06 回撤=-22.8%
[backtest_sl] 区间: 2018-07-31 ~ 2026-06-18
[backtest_sl] 调仓: 96次, 止损线: -10%
[backtest_sl] 动态滚动universe
[ 32/140] 113s | M TOP50 止损=-0.1 0-30亿 年化=11.8% 夏普=0.30 回撤=-25.3%
[backtest_sl] 区间: 2018-07-31 ~ 2026-06-18
[backtest_sl] 调仓: 96次, 止损线: -10%
[backtest_sl] 动态滚动universe
[ 33/140] 105s | M TOP50 止损=-0.1 30-80亿 年化=5.9% 夏普=0.01 回撤=-24.8%
[backtest_sl] 区间: 2018-07-31 ~ 2026-06-18
[backtest_sl] 调仓: 96次, 止损线: -12%
[backtest_sl] 动态滚动universe
[ 34/140] 99s | M TOP50 止损=-0.12 全池 年化=4.3% 夏普=-0.05 回撤=-22.7%
[backtest_sl] 区间: 2018-07-31 ~ 2026-06-18
[backtest_sl] 调仓: 96次, 止损线: -12%
[backtest_sl] 动态滚动universe
[ 35/140] 100s | M TOP50 止损=-0.12 0-30亿 年化=11.6% 夏普=0.30 回撤=-25.8%
[backtest_sl] 区间: 2018-07-31 ~ 2026-06-18
[backtest_sl] 调仓: 96次, 止损线: -12%
[backtest_sl] 动态滚动universe
[ 36/140] 102s | M TOP50 止损=-0.12 30-80亿 年化=6.3% 夏普=0.04 回撤=-24.5%
[backtest_sl] 区间: 2018-07-31 ~ 2026-06-18
[backtest_sl] 调仓: 96次, 止损线: -15%
[backtest_sl] 动态滚动universe
[ 37/140] 100s | M TOP50 止损=-0.15 全池 年化=4.3% 夏普=-0.04 回撤=-22.5%
[backtest_sl] 区间: 2018-07-31 ~ 2026-06-18
[backtest_sl] 调仓: 96次, 止损线: -15%
[backtest_sl] 动态滚动universe
[ 38/140] 100s | M TOP50 止损=-0.15 0-30亿 年化=11.7% 夏普=0.31 回撤=-26.0%
  >> 已保存 60 组到 D:/QMT_STRATEGIES/research/multi_factor_ic/reports/v3_optimize/param_matrix_20260719.csv
[backtest_sl] 区间: 2018-07-31 ~ 2026-06-18
[backtest_sl] 调仓: 96次, 止损线: -15%
[backtest_sl] 动态滚动universe
[ 39/140] 101s | M TOP50 止损=-0.15 30-80亿 年化=6.0% 夏普=0.04 回撤=-24.1%
[backtest_sl] 区间: 2018-07-31 ~ 2026-06-18
[backtest_sl] 调仓: 96次, 止损线: -10%
[backtest_sl] 动态滚动universe
[ 40/140] 108s | M TOP80 止损=-0.1 全池 年化=4.6% 夏普=-0.05 回撤=-25.4%
[backtest_sl] 区间: 2018-07-31 ~ 2026-06-18
[backtest_sl] 调仓: 96次, 止损线: -10%
[backtest_sl] 动态滚动universe
[ 41/140] 102s | M TOP80 止损=-0.1 30-80亿 年化=6.7% 夏普=0.04 回撤=-25.4%
[backtest_sl] 区间: 2018-07-31 ~ 2026-06-18
[backtest_sl] 调仓: 96次, 止损线: -12%
[backtest_sl] 动态滚动universe
[ 42/140] 101s | M TOP80 止损=-0.12 全池 年化=4.9% 夏普=-0.02 回撤=-24.4%
[backtest_sl] 区间: 2018-07-31 ~ 2026-06-18
[backtest_sl] 调仓: 96次, 止损线: -12%
[backtest_sl] 动态滚动universe
[ 43/140] 104s | M TOP80 止损=-0.12 30-80亿 年化=6.9% 夏普=0.06 回撤=-25.7%
[backtest_sl] 区间: 2018-07-31 ~ 2026-06-18
[backtest_sl] 调仓: 96次, 止损线: -15%
[backtest_sl] 动态滚动universe
[ 44/140] 101s | M TOP80 止损=-0.15 全池 年化=4.9% 夏普=-0.01 回撤=-24.5%
[backtest_sl] 区间: 2018-07-31 ~ 2026-06-18
[backtest_sl] 调仓: 96次, 止损线: -15%
[backtest_sl] 动态滚动universe
[ 45/140] 101s | M TOP80 止损=-0.15 30-80亿 年化=7.0% 夏普=0.08 回撤=-25.5%
[backtest] 回测区间: 2018-07-31 ~ 2026-06-18
[backtest] 调仓次数: 57
[backtest] 使用动态滚动universe
[ 46/140] 76s | 2M TOP20 止损=无 全池 年化=0.6% 夏普=0.02 回撤=-21.6%
[backtest] 回测区间: 2018-07-31 ~ 2026-06-18
[backtest] 调仓次数: 57
[backtest] 使用动态滚动universe
  [skip] 2021-12-31: 评分不足 20
  [skip] 2022-07-29: 评分不足 20
  [skip] 2022-11-30: 评分不足 20
  [skip] 2023-01-31: 评分不足 20
  [skip] 2023-03-31: 评分不足 20
  [skip] 2023-05-31: 评分不足 20
  [skip] 2023-07-31: 评分不足 20
  [skip] 2023-09-28: 评分不足 20
  [skip] 2023-11-30: 评分不足 20
  [skip] 2023-12-29: 评分不足 20
  [skip] 2024-09-30: 评分不足 20
  [skip] 2024-11-29: 评分不足 20
  [skip] 2024-12-31: 评分不足 20
  [skip] 2025-01-27: 评分不足 20
  [skip] 2025-03-31: 评分不足 20
  [skip] 2025-05-30: 评分不足 20
  [skip] 2025-07-31: 评分不足 20
  [skip] 2025-09-30: 评分不足 20
  [skip] 2025-11-28: 评分不足 20
  [skip] 2025-12-31: 评分不足 20
  [skip] 2026-01-30: 评分不足 20
  [skip] 2026-03-31: 评分不足 20
  [skip] 2026-05-29: 评分不足 20
  [skip] 2026-06-18: 评分不足 20
[ 47/140] 61s | 2M TOP20 止损=无 0-30亿 年化=11.0% 夏普=0.42 回撤=-26.2%
[backtest] 回测区间: 2018-07-31 ~ 2026-06-18
[backtest] 调仓次数: 57
[backtest] 使用动态滚动universe
[ 48/140] 62s | 2M TOP20 止损=无 30-80亿 年化=4.9% 夏普=0.21 回撤=-25.4%
  >> 已保存 90 组到 D:/QMT_STRATEGIES/research/multi_factor_ic/reports/v3_optimize/param_matrix_20260719.csv
[backtest] 回测区间: 2018-07-31 ~ 2026-06-18
[backtest] 调仓次数: 57
[backtest] 使用动态滚动universe
  [skip] 2018-11-30: 评分不足 20
  [skip] 2018-12-28: 评分不足 20
  [skip] 2019-01-31: 评分不足 20
[ 49/140] 60s | 2M TOP20 止损=无 80亿+ 年化=-3.8% 夏普=-0.23 回撤=-29.1%
[backtest_sl] 区间: 2018-07-31 ~ 2026-06-18
[backtest_sl] 调仓: 57次, 止损线: -10%
[backtest_sl] 动态滚动universe
[ 50/140] 61s | 2M TOP20 止损=-0.1 全池 年化=2.8% 夏普=-0.04 回撤=-20.0%
[backtest_sl] 区间: 2018-07-31 ~ 2026-06-18
[backtest_sl] 调仓: 57次, 止损线: -10%
[backtest_sl] 动态滚动universe
[ 51/140] 59s | 2M TOP20 止损=-0.1 0-30亿 年化=12.0% 夏普=0.34 回撤=-26.9%
[backtest_sl] 区间: 2018-07-31 ~ 2026-06-18
[backtest_sl] 调仓: 57次, 止损线: -10%
[backtest_sl] 动态滚动universe
[ 52/140] 59s | 2M TOP20 止损=-0.1 30-80亿 年化=6.0% 夏普=0.09 回撤=-23.6%
[backtest_sl] 区间: 2018-07-31 ~ 2026-06-18
[backtest_sl] 调仓: 57次, 止损线: -12%
[backtest_sl] 动态滚动universe
[ 53/140] 61s | 2M TOP20 止损=-0.12 全池 年化=2.6% 夏普=-0.04 回撤=-19.8%
[backtest_sl] 区间: 2018-07-31 ~ 2026-06-18
[backtest_sl] 调仓: 57次, 止损线: -12%
[backtest_sl] 动态滚动universe
[ 54/140] 60s | 2M TOP20 止损=-0.12 0-30亿 年化=11.9% 夏普=0.35 回撤=-27.1%
[backtest_sl] 区间: 2018-07-31 ~ 2026-06-18
[backtest_sl] 调仓: 57次, 止损线: -12%
[backtest_sl] 动态滚动universe
[ 55/140] 61s | 2M TOP20 止损=-0.12 30-80亿 年化=6.6% 夏普=0.13 回撤=-23.1%
[backtest_sl] 区间: 2018-07-31 ~ 2026-06-18
[backtest_sl] 调仓: 57次, 止损线: -15%
[backtest_sl] 动态滚动universe
[ 56/140] 60s | 2M TOP20 止损=-0.15 全池 年化=2.4% 夏普=-0.04 回撤=-19.8%
[backtest_sl] 区间: 2018-07-31 ~ 2026-06-18
[backtest_sl] 调仓: 57次, 止损线: -15%
[backtest_sl] 动态滚动universe
[ 57/140] 59s | 2M TOP20 止损=-0.15 0-30亿 年化=11.6% 夏普=0.34 回撤=-27.7%
[backtest_sl] 区间: 2018-07-31 ~ 2026-06-18
[backtest_sl] 调仓: 57次, 止损线: -15%
[backtest_sl] 动态滚动universe
[ 58/140] 61s | 2M TOP20 止损=-0.15 30-80亿 年化=6.6% 夏普=0.14 回撤=-21.3%
  >> 已保存 130 组到 D:/QMT_STRATEGIES/research/multi_factor_ic/reports/v3_optimize/param_matrix_20260719.csv
[backtest] 回测区间: 2018-07-31 ~ 2026-06-18
[backtest] 调仓次数: 57
[backtest] 使用动态滚动universe
[ 59/140] 63s | 2M TOP30 止损=无 全池 年化=2.4% 夏普=0.09 回撤=-24.5%
[backtest] 回测区间: 2018-07-31 ~ 2026-06-18
[backtest] 调仓次数: 57
[backtest] 使用动态滚动universe
  [skip] 2021-12-31: 评分不足 30
  [skip] 2022-07-29: 评分不足 30
  [skip] 2022-11-30: 评分不足 30
  [skip] 2023-01-31: 评分不足 30
  [skip] 2023-03-31: 评分不足 30
  [skip] 2023-05-31: 评分不足 30
  [skip] 2023-07-31: 评分不足 30
  [skip] 2023-09-28: 评分不足 30
  [skip] 2023-11-30: 评分不足 30
  [skip] 2023-12-29: 评分不足 30
  [skip] 2024-09-30: 评分不足 30
  [skip] 2024-11-29: 评分不足 30
  [skip] 2024-12-31: 评分不足 30
  [skip] 2025-01-27: 评分不足 30
  [skip] 2025-03-31: 评分不足 30
  [skip] 2025-05-30: 评分不足 30
  [skip] 2025-07-31: 评分不足 30
  [skip] 2025-09-30: 评分不足 30
  [skip] 2025-11-28: 评分不足 30
  [skip] 2025-12-31: 评分不足 30
  [skip] 2026-01-30: 评分不足 30
  [skip] 2026-03-31: 评分不足 30
  [skip] 2026-05-29: 评分不足 30
  [skip] 2026-06-18: 评分不足 30
[ 60/140] 62s | 2M TOP30 止损=无 0-30亿 年化=13.1% 夏普=0.50 回撤=-25.2%
[backtest] 回测区间: 2018-07-31 ~ 2026-06-18
[backtest] 调仓次数: 57
[backtest] 使用动态滚动universe
[ 61/140] 62s | 2M TOP30 止损=无 30-80亿 年化=5.0% 夏普=0.21 回撤=-22.8%
[backtest] 回测区间: 2018-07-31 ~ 2026-06-18
[backtest] 调仓次数: 57
[backtest] 使用动态滚动universe
  [skip] 2018-09-28: 评分不足 30
  [skip] 2018-11-30: 评分不足 30
  [skip] 2018-12-28: 评分不足 30
  [skip] 2019-01-31: 评分不足 30
[ 62/140] 61s | 2M TOP30 止损=无 80亿+ 年化=-1.2% 夏普=-0.09 回撤=-23.5%
[backtest_sl] 区间: 2018-07-31 ~ 2026-06-18
[backtest_sl] 调仓: 57次, 止损线: -10%
[backtest_sl] 动态滚动universe
[ 63/140] 60s | 2M TOP30 止损=-0.1 全池 年化=3.9% 夏普=0.00 回撤=-23.3%
[backtest_sl] 区间: 2018-07-31 ~ 2026-06-18
[backtest_sl] 调仓: 57次, 止损线: -10%
[backtest_sl] 动态滚动universe
[ 64/140] 59s | 2M TOP30 止损=-0.1 0-30亿 年化=15.3% 夏普=0.46 回撤=-25.9%
[backtest_sl] 区间: 2018-07-31 ~ 2026-06-18
[backtest_sl] 调仓: 57次, 止损线: -10%
[backtest_sl] 动态滚动universe
[ 65/140] 60s | 2M TOP30 止损=-0.1 30-80亿 年化=7.0% 夏普=0.13 回撤=-20.4%
[backtest_sl] 区间: 2018-07-31 ~ 2026-06-18
[backtest_sl] 调仓: 57次, 止损线: -12%
[backtest_sl] 动态滚动universe
[ 66/140] 60s | 2M TOP30 止损=-0.12 全池 年化=3.8% 夏普=0.01 回撤=-22.9%
[backtest_sl] 区间: 2018-07-31 ~ 2026-06-18
[backtest_sl] 调仓: 57次, 止损线: -12%
[backtest_sl] 动态滚动universe
[ 67/140] 59s | 2M TOP30 止损=-0.12 0-30亿 年化=15.0% 夏普=0.45 回撤=-26.2%
[backtest_sl] 区间: 2018-07-31 ~ 2026-06-18
[backtest_sl] 调仓: 57次, 止损线: -12%
[backtest_sl] 动态滚动universe
[ 68/140] 61s | 2M TOP30 止损=-0.12 30-80亿 年化=7.0% 夏普=0.15 回撤=-20.5%
  >> 已保存 180 组到 D:/QMT_STRATEGIES/research/multi_factor_ic/reports/v3_optimize/param_matrix_20260719.csv
[backtest_sl] 区间: 2018-07-31 ~ 2026-06-18
[backtest_sl] 调仓: 57次, 止损线: -15%
[backtest_sl] 动态滚动universe
[ 69/140] 60s | 2M TOP30 止损=-0.15 全池 年化=4.2% 夏普=0.04 回撤=-22.7%
[backtest_sl] 区间: 2018-07-31 ~ 2026-06-18
[backtest_sl] 调仓: 57次, 止损线: -15%
[backtest_sl] 动态滚动universe
[ 70/140] 59s | 2M TOP30 止损=-0.15 0-30亿 年化=14.8% 夏普=0.46 回撤=-26.0%
[backtest_sl] 区间: 2018-07-31 ~ 2026-06-18
[backtest_sl] 调仓: 57次, 止损线: -15%
[backtest_sl] 动态滚动universe
[ 71/140] 70s | 2M TOP30 止损=-0.15 30-80亿 年化=7.2% 夏普=0.16 回撤=-20.4%
[backtest] 回测区间: 2018-07-31 ~ 2026-06-18
[backtest] 调仓次数: 57
[backtest] 使用动态滚动universe
[ 72/140] 62s | 2M TOP50 止损=无 全池 年化=2.2% 夏普=0.09 回撤=-23.6%
[backtest] 回测区间: 2018-07-31 ~ 2026-06-18
[backtest] 调仓次数: 57
[backtest] 使用动态滚动universe
  [skip] 2021-11-30: 评分不足 50
  [skip] 2021-12-31: 评分不足 50
  [skip] 2022-07-29: 评分不足 50
  [skip] 2022-11-30: 评分不足 50
  [skip] 2022-12-30: 评分不足 50
  [skip] 2023-01-31: 评分不足 50
  [skip] 2023-03-31: 评分不足 50
  [skip] 2023-05-31: 评分不足 50
  [skip] 2023-07-31: 评分不足 50
  [skip] 2023-09-28: 评分不足 50
  [skip] 2023-11-30: 评分不足 50
  [skip] 2023-12-29: 评分不足 50
  [skip] 2024-03-29: 评分不足 50
  [skip] 2024-09-30: 评分不足 50
  [skip] 2024-11-29: 评分不足 50
  [skip] 2024-12-31: 评分不足 50
  [skip] 2025-01-27: 评分不足 50
  [skip] 2025-03-31: 评分不足 50
  [skip] 2025-05-30: 评分不足 50
  [skip] 2025-07-31: 评分不足 50
  [skip] 2025-09-30: 评分不足 50
  [skip] 2025-11-28: 评分不足 50
  [skip] 2025-12-31: 评分不足 50
  [skip] 2026-01-30: 评分不足 50
  [skip] 2026-03-31: 评分不足 50
  [skip] 2026-05-29: 评分不足 50
  [skip] 2026-06-18: 评分不足 50
[ 73/140] 66s | 2M TOP50 止损=无 0-30亿 年化=10.7% 夏普=0.41 回撤=-22.4%
[backtest] 回测区间: 2018-07-31 ~ 2026-06-18
[backtest] 调仓次数: 57
[backtest] 使用动态滚动universe
[ 74/140] 73s | 2M TOP50 止损=无 30-80亿 年化=4.2% 夏普=0.18 回撤=-22.7%
[backtest] 回测区间: 2018-07-31 ~ 2026-06-18
[backtest] 调仓次数: 57
[backtest] 使用动态滚动universe
  [skip] 2018-09-28: 评分不足 50
  [skip] 2018-11-30: 评分不足 50
  [skip] 2018-12-28: 评分不足 50
  [skip] 2019-01-31: 评分不足 50
[ 75/140] 69s | 2M TOP50 止损=无 80亿+ 年化=1.2% 夏普=0.03 回撤=-22.9%
[backtest_sl] 区间: 2018-07-31 ~ 2026-06-18
[backtest_sl] 调仓: 57次, 止损线: -10%
[backtest_sl] 动态滚动universe
[ 76/140] 67s | 2M TOP50 止损=-0.1 全池 年化=4.6% 夏普=0.03 回撤=-21.5%
[backtest_sl] 区间: 2018-07-31 ~ 2026-06-18
[backtest_sl] 调仓: 57次, 止损线: -10%
[backtest_sl] 动态滚动universe
[ 77/140] 60s | 2M TOP50 止损=-0.1 0-30亿 年化=11.6% 夏普=0.34 回撤=-21.6%
[backtest_sl] 区间: 2018-07-31 ~ 2026-06-18
[backtest_sl] 调仓: 57次, 止损线: -10%
[backtest_sl] 动态滚动universe
[ 78/140] 64s | 2M TOP50 止损=-0.1 30-80亿 年化=5.9% 夏普=0.09 回撤=-22.7%
  >> 已保存 240 组到 D:/QMT_STRATEGIES/research/multi_factor_ic/reports/v3_optimize/param_matrix_20260719.csv
[backtest_sl] 区间: 2018-07-31 ~ 2026-06-18
[backtest_sl] 调仓: 57次, 止损线: -12%
[backtest_sl] 动态滚动universe
[ 79/140] 60s | 2M TOP50 止损=-0.12 全池 年化=4.7% 夏普=0.05 回撤=-21.7%
[backtest_sl] 区间: 2018-07-31 ~ 2026-06-18
[backtest_sl] 调仓: 57次, 止损线: -12%
[backtest_sl] 动态滚动universe
[ 80/140] 60s | 2M TOP50 止损=-0.12 0-30亿 年化=11.4% 夏普=0.34 回撤=-21.9%
[backtest_sl] 区间: 2018-07-31 ~ 2026-06-18
[backtest_sl] 调仓: 57次, 止损线: -12%
[backtest_sl] 动态滚动universe
[ 81/140] 59s | 2M TOP50 止损=-0.12 30-80亿 年化=6.5% 夏普=0.12 回撤=-21.7%
[backtest_sl] 区间: 2018-07-31 ~ 2026-06-18
[backtest_sl] 调仓: 57次, 止损线: -15%
[backtest_sl] 动态滚动universe
[ 82/140] 57s | 2M TOP50 止损=-0.15 全池 年化=4.6% 夏普=0.05 回撤=-21.7%
[backtest_sl] 区间: 2018-07-31 ~ 2026-06-18
[backtest_sl] 调仓: 57次, 止损线: -15%
[backtest_sl] 动态滚动universe
[ 83/140] 55s | 2M TOP50 止损=-0.15 0-30亿 年化=11.5% 夏普=0.35 回撤=-22.1%
[backtest_sl] 区间: 2018-07-31 ~ 2026-06-18
[backtest_sl] 调仓: 57次, 止损线: -15%
[backtest_sl] 动态滚动universe
[ 84/140] 56s | 2M TOP50 止损=-0.15 30-80亿 年化=6.4% 夏普=0.13 回撤=-21.5%
[backtest] 回测区间: 2018-07-31 ~ 2026-06-18
[backtest] 调仓次数: 57
[backtest] 使用动态滚动universe
[ 85/140] 60s | 2M TOP80 止损=无 全池 年化=3.2% 夏普=0.13 回撤=-24.7%
[backtest] 回测区间: 2018-07-31 ~ 2026-06-18
[backtest] 调仓次数: 57
[backtest] 使用动态滚动universe
  [skip] 2021-11-30: 评分不足 80
  [skip] 2021-12-31: 评分不足 80
  [skip] 2022-03-31: 评分不足 80
  [skip] 2022-07-29: 评分不足 80
  [skip] 2022-11-30: 评分不足 80
  [skip] 2022-12-30: 评分不足 80
  [skip] 2023-01-31: 评分不足 80
  [skip] 2023-03-31: 评分不足 80
  [skip] 2023-05-31: 评分不足 80
  [skip] 2023-07-31: 评分不足 80
  [skip] 2023-09-28: 评分不足 80
  [skip] 2023-11-30: 评分不足 80
  [skip] 2023-12-29: 评分不足 80
  [skip] 2024-03-29: 评分不足 80
  [skip] 2024-09-30: 评分不足 80
  [skip] 2024-11-29: 评分不足 80
  [skip] 2024-12-31: 评分不足 80
  [skip] 2025-01-27: 评分不足 80
  [skip] 2025-03-31: 评分不足 80
  [skip] 2025-05-30: 评分不足 80
  [skip] 2025-07-31: 评分不足 80
  [skip] 2025-09-30: 评分不足 80
  [skip] 2025-11-28: 评分不足 80
  [skip] 2025-12-31: 评分不足 80
  [skip] 2026-01-30: 评分不足 80
  [skip] 2026-03-31: 评分不足 80
  [skip] 2026-05-29: 评分不足 80
  [skip] 2026-06-18: 评分不足 80
[ 86/140] 59s | 2M TOP80 止损=无 0-30亿 年化=13.9% 夏普=0.54 回撤=-21.4%
[backtest] 回测区间: 2018-07-31 ~ 2026-06-18
[backtest] 调仓次数: 57
[backtest] 使用动态滚动universe
[ 87/140] 60s | 2M TOP80 止损=无 30-80亿 年化=5.1% 夏普=0.21 回撤=-24.0%
[backtest] 回测区间: 2018-07-31 ~ 2026-06-18
[backtest] 调仓次数: 57
[backtest] 使用动态滚动universe
  [skip] 2018-07-31: 评分不足 80
  [skip] 2018-09-28: 评分不足 80
  [skip] 2018-11-30: 评分不足 80
  [skip] 2018-12-28: 评分不足 80
  [skip] 2019-01-31: 评分不足 80
[ 88/140] 59s | 2M TOP80 止损=无 80亿+ 年化=3.8% 夏普=0.16 回撤=-26.5%
  >> 已保存 310 组到 D:/QMT_STRATEGIES/research/multi_factor_ic/reports/v3_optimize/param_matrix_20260719.csv
[backtest_sl] 区间: 2018-07-31 ~ 2026-06-18
[backtest_sl] 调仓: 57次, 止损线: -10%
[backtest_sl] 动态滚动universe
[ 89/140] 59s | 2M TOP80 止损=-0.1 全池 年化=5.2% 夏普=0.06 回撤=-24.4%
[backtest_sl] 区间: 2018-07-31 ~ 2026-06-18
[backtest_sl] 调仓: 57次, 止损线: -10%
[backtest_sl] 动态滚动universe
[ 90/140] 55s | 2M TOP80 止损=-0.1 0-30亿 年化=15.4% 夏普=0.49 回撤=-20.6%
[backtest_sl] 区间: 2018-07-31 ~ 2026-06-18
[backtest_sl] 调仓: 57次, 止损线: -10%
[backtest_sl] 动态滚动universe
[ 91/140] 57s | 2M TOP80 止损=-0.1 30-80亿 年化=6.8% 夏普=0.12 回撤=-23.7%
[backtest_sl] 区间: 2018-07-31 ~ 2026-06-18
[backtest_sl] 调仓: 57次, 止损线: -12%
[backtest_sl] 动态滚动universe
[ 92/140] 56s | 2M TOP80 止损=-0.12 全池 年化=5.6% 夏普=0.09 回撤=-23.5%
[backtest_sl] 区间: 2018-07-31 ~ 2026-06-18
[backtest_sl] 调仓: 57次, 止损线: -12%
[backtest_sl] 动态滚动universe
[ 93/140] 54s | 2M TOP80 止损=-0.12 0-30亿 年化=15.5% 夏普=0.50 回撤=-20.5%
[backtest_sl] 区间: 2018-07-31 ~ 2026-06-18
[backtest_sl] 调仓: 57次, 止损线: -12%
[backtest_sl] 动态滚动universe
[ 94/140] 56s | 2M TOP80 止损=-0.12 30-80亿 年化=7.0% 夏普=0.14 回撤=-22.9%
[backtest_sl] 区间: 2018-07-31 ~ 2026-06-18
[backtest_sl] 调仓: 57次, 止损线: -15%
[backtest_sl] 动态滚动universe
[ 95/140] 56s | 2M TOP80 止损=-0.15 全池 年化=5.5% 夏普=0.09 回撤=-23.4%
[backtest_sl] 区间: 2018-07-31 ~ 2026-06-18
[backtest_sl] 调仓: 57次, 止损线: -15%
[backtest_sl] 动态滚动universe
[ 96/140] 54s | 2M TOP80 止损=-0.15 0-30亿 年化=15.4% 夏普=0.50 回撤=-20.6%
[backtest_sl] 区间: 2018-07-31 ~ 2026-06-18
[backtest_sl] 调仓: 57次, 止损线: -15%
[backtest_sl] 动态滚动universe
[ 97/140] 57s | 2M TOP80 止损=-0.15 30-80亿 年化=7.4% 夏普=0.17 回撤=-22.8%
[backtest] 回测区间: 2018-09-28 ~ 2026-06-18
[backtest] 调仓次数: 32
[backtest] 使用动态滚动universe
[ 98/140] 31s | Q TOP20 止损=无 全池 年化=2.4% 夏普=0.09 回撤=-27.9%
  >> 已保存 390 组到 D:/QMT_STRATEGIES/research/multi_factor_ic/reports/v3_optimize/param_matrix_20260719.csv
[backtest] 回测区间: 2018-09-28 ~ 2026-06-18
[backtest] 调仓次数: 32
[backtest] 使用动态滚动universe
  [skip] 2021-12-31: 评分不足 20
  [skip] 2023-03-31: 评分不足 20
  [skip] 2023-06-30: 评分不足 20
  [skip] 2023-09-28: 评分不足 20
  [skip] 2023-12-29: 评分不足 20
  [skip] 2024-09-30: 评分不足 20
  [skip] 2024-12-31: 评分不足 20
  [skip] 2025-03-31: 评分不足 20
  [skip] 2025-06-30: 评分不足 20
  [skip] 2025-09-30: 评分不足 20
  [skip] 2025-12-31: 评分不足 20
  [skip] 2026-03-31: 评分不足 20
  [skip] 2026-06-18: 评分不足 20
[ 99/140] 31s | Q TOP20 止损=无 0-30亿 年化=9.7% 夏普=0.40 回撤=-20.8%
[backtest] 回测区间: 2018-09-28 ~ 2026-06-18
[backtest] 调仓次数: 32
[backtest] 使用动态滚动universe
[100/140] 31s | Q TOP20 止损=无 30-80亿 年化=3.5% 夏普=0.14 回撤=-26.7%
[backtest] 回测区间: 2018-09-28 ~ 2026-06-18
[backtest] 调仓次数: 32
[backtest] 使用动态滚动universe
  [skip] 2018-12-28: 评分不足 20
[101/140] 31s | Q TOP20 止损=无 80亿+ 年化=-1.5% 夏普=-0.13 回撤=-28.5%
[backtest] 回测区间: 2018-09-28 ~ 2026-06-18
[backtest] 调仓次数: 32
[backtest] 使用动态滚动universe
[102/140] 33s | Q TOP30 止损=无 全池 年化=4.2% 夏普=0.17 回撤=-25.5%
[backtest] 回测区间: 2018-09-28 ~ 2026-06-18
[backtest] 调仓次数: 32
[backtest] 使用动态滚动universe
  [skip] 2021-12-31: 评分不足 30
  [skip] 2023-03-31: 评分不足 30
  [skip] 2023-06-30: 评分不足 30
  [skip] 2023-09-28: 评分不足 30
  [skip] 2023-12-29: 评分不足 30
  [skip] 2024-09-30: 评分不足 30
  [skip] 2024-12-31: 评分不足 30
  [skip] 2025-03-31: 评分不足 30
  [skip] 2025-06-30: 评分不足 30
  [skip] 2025-09-30: 评分不足 30
  [skip] 2025-12-31: 评分不足 30
  [skip] 2026-03-31: 评分不足 30
  [skip] 2026-06-18: 评分不足 30
[103/140] 32s | Q TOP30 止损=无 0-30亿 年化=10.2% 夏普=0.43 回撤=-18.3%
[backtest] 回测区间: 2018-09-28 ~ 2026-06-18
[backtest] 调仓次数: 32
[backtest] 使用动态滚动universe
[104/140] 32s | Q TOP30 止损=无 30-80亿 年化=6.4% 夏普=0.28 回撤=-23.5%
[backtest] 回测区间: 2018-09-28 ~ 2026-06-18
[backtest] 调仓次数: 32
[backtest] 使用动态滚动universe
  [skip] 2018-09-28: 评分不足 30
  [skip] 2018-12-28: 评分不足 30
[105/140] 32s | Q TOP30 止损=无 80亿+ 年化=1.3% 夏普=0.01 回撤=-25.9%
[backtest_sl] 区间: 2018-09-28 ~ 2026-06-18
[backtest_sl] 调仓: 32次, 止损线: -10%
[backtest_sl] 动态滚动universe
[106/140] 34s | Q TOP30 止损=-0.1 全池 年化=4.8% 夏普=0.08 回撤=-23.1%
[backtest_sl] 区间: 2018-09-28 ~ 2026-06-18
[backtest_sl] 调仓: 32次, 止损线: -10%
[backtest_sl] 动态滚动universe
[107/140] 31s | Q TOP30 止损=-0.1 0-30亿 年化=8.6% 夏普=0.27 回撤=-23.4%
[backtest_sl] 区间: 2018-09-28 ~ 2026-06-18
[backtest_sl] 调仓: 32次, 止损线: -10%
[backtest_sl] 动态滚动universe
[108/140] 32s | Q TOP30 止损=-0.1 30-80亿 年化=7.6% 夏普=0.21 回撤=-22.0%
  >> 已保存 480 组到 D:/QMT_STRATEGIES/research/multi_factor_ic/reports/v3_optimize/param_matrix_20260719.csv
[backtest_sl] 区间: 2018-09-28 ~ 2026-06-18
[backtest_sl] 调仓: 32次, 止损线: -12%
[backtest_sl] 动态滚动universe
[109/140] 31s | Q TOP30 止损=-0.12 全池 年化=5.2% 夏普=0.11 回撤=-23.3%
[backtest_sl] 区间: 2018-09-28 ~ 2026-06-18
[backtest_sl] 调仓: 32次, 止损线: -12%
[backtest_sl] 动态滚动universe
[110/140] 30s | Q TOP30 止损=-0.12 0-30亿 年化=8.5% 夏普=0.27 回撤=-23.5%
[backtest_sl] 区间: 2018-09-28 ~ 2026-06-18
[backtest_sl] 调仓: 32次, 止损线: -12%
[backtest_sl] 动态滚动universe
[111/140] 31s | Q TOP30 止损=-0.12 30-80亿 年化=7.5% 夏普=0.22 回撤=-23.0%
[backtest_sl] 区间: 2018-09-28 ~ 2026-06-18
[backtest_sl] 调仓: 32次, 止损线: -15%
[backtest_sl] 动态滚动universe
[112/140] 33s | Q TOP30 止损=-0.15 全池 年化=4.4% 夏普=0.08 回撤=-23.1%
[backtest_sl] 区间: 2018-09-28 ~ 2026-06-18
[backtest_sl] 调仓: 32次, 止损线: -15%
[backtest_sl] 动态滚动universe
[113/140] 31s | Q TOP30 止损=-0.15 0-30亿 年化=8.5% 夏普=0.28 回撤=-23.2%
[backtest_sl] 区间: 2018-09-28 ~ 2026-06-18
[backtest_sl] 调仓: 32次, 止损线: -15%
[backtest_sl] 动态滚动universe
[114/140] 31s | Q TOP30 止损=-0.15 30-80亿 年化=7.5% 夏普=0.23 回撤=-22.3%
[backtest] 回测区间: 2018-09-28 ~ 2026-06-18
[backtest] 调仓次数: 32
[backtest] 使用动态滚动universe
[115/140] 33s | Q TOP50 止损=无 全池 年化=5.1% 夏普=0.21 回撤=-23.8%
[backtest] 回测区间: 2018-09-28 ~ 2026-06-18
[backtest] 调仓次数: 32
[backtest] 使用动态滚动universe
  [skip] 2021-12-31: 评分不足 50
  [skip] 2022-12-30: 评分不足 50
  [skip] 2023-03-31: 评分不足 50
  [skip] 2023-06-30: 评分不足 50
  [skip] 2023-09-28: 评分不足 50
  [skip] 2023-12-29: 评分不足 50
  [skip] 2024-03-29: 评分不足 50
  [skip] 2024-09-30: 评分不足 50
  [skip] 2024-12-31: 评分不足 50
  [skip] 2025-03-31: 评分不足 50
  [skip] 2025-06-30: 评分不足 50
  [skip] 2025-09-30: 评分不足 50
  [skip] 2025-12-31: 评分不足 50
  [skip] 2026-03-31: 评分不足 50
  [skip] 2026-06-18: 评分不足 50
[116/140] 33s | Q TOP50 止损=无 0-30亿 年化=9.3% 夏普=0.39 回撤=-18.5%
[backtest] 回测区间: 2018-09-28 ~ 2026-06-18
[backtest] 调仓次数: 32
[backtest] 使用动态滚动universe
[117/140] 33s | Q TOP50 止损=无 30-80亿 年化=7.9% 夏普=0.34 回撤=-21.8%
[backtest] 回测区间: 2018-09-28 ~ 2026-06-18
[backtest] 调仓次数: 32
[backtest] 使用动态滚动universe
  [skip] 2018-09-28: 评分不足 50
  [skip] 2018-12-28: 评分不足 50
[118/140] 33s | Q TOP50 止损=无 80亿+ 年化=3.0% 夏普=0.10 回撤=-22.3%
  >> 已保存 580 组到 D:/QMT_STRATEGIES/research/multi_factor_ic/reports/v3_optimize/param_matrix_20260719.csv
[backtest_sl] 区间: 2018-09-28 ~ 2026-06-18
[backtest_sl] 调仓: 32次, 止损线: -10%
[backtest_sl] 动态滚动universe
[119/140] 31s | Q TOP50 止损=-0.1 全池 年化=6.7% 夏普=0.17 回撤=-19.4%
[backtest_sl] 区间: 2018-09-28 ~ 2026-06-18
[backtest_sl] 调仓: 32次, 止损线: -10%
[backtest_sl] 动态滚动universe
[120/140] 31s | Q TOP50 止损=-0.1 0-30亿 年化=8.6% 夏普=0.28 回撤=-20.8%
[backtest_sl] 区间: 2018-09-28 ~ 2026-06-18
[backtest_sl] 调仓: 32次, 止损线: -10%
[backtest_sl] 动态滚动universe
[121/140] 32s | Q TOP50 止损=-0.1 30-80亿 年化=10.0% 夏普=0.31 回撤=-19.7%
[backtest_sl] 区间: 2018-09-28 ~ 2026-06-18
[backtest_sl] 调仓: 32次, 止损线: -12%
[backtest_sl] 动态滚动universe
[122/140] 33s | Q TOP50 止损=-0.12 全池 年化=6.7% 夏普=0.18 回撤=-19.9%
[backtest_sl] 区间: 2018-09-28 ~ 2026-06-18
[backtest_sl] 调仓: 32次, 止损线: -12%
[backtest_sl] 动态滚动universe
[123/140] 31s | Q TOP50 止损=-0.12 0-30亿 年化=8.7% 夏普=0.29 回撤=-21.4%
[backtest_sl] 区间: 2018-09-28 ~ 2026-06-18
[backtest_sl] 调仓: 32次, 止损线: -12%
[backtest_sl] 动态滚动universe
[124/140] 32s | Q TOP50 止损=-0.12 30-80亿 年化=9.8% 夏普=0.32 回撤=-19.8%
[backtest_sl] 区间: 2018-09-28 ~ 2026-06-18
[backtest_sl] 调仓: 32次, 止损线: -15%
[backtest_sl] 动态滚动universe
[125/140] 31s | Q TOP50 止损=-0.15 全池 年化=6.6% 夏普=0.18 回撤=-20.0%
[backtest_sl] 区间: 2018-09-28 ~ 2026-06-18
[backtest_sl] 调仓: 32次, 止损线: -15%
[backtest_sl] 动态滚动universe
[126/140] 33s | Q TOP50 止损=-0.15 0-30亿 年化=8.9% 夏普=0.30 回撤=-21.1%
[backtest_sl] 区间: 2018-09-28 ~ 2026-06-18
[backtest_sl] 调仓: 32次, 止损线: -15%
[backtest_sl] 动态滚动universe
[127/140] 32s | Q TOP50 止损=-0.15 30-80亿 年化=9.6% 夏普=0.32 回撤=-20.0%
[backtest] 回测区间: 2018-09-28 ~ 2026-06-18
[backtest] 调仓次数: 32
[backtest] 使用动态滚动universe
[128/140] 34s | Q TOP80 止损=无 全池 年化=6.5% 夏普=0.28 回撤=-18.7%
  >> 已保存 690 组到 D:/QMT_STRATEGIES/research/multi_factor_ic/reports/v3_optimize/param_matrix_20260719.csv
[backtest] 回测区间: 2018-09-28 ~ 2026-06-18
[backtest] 调仓次数: 32
[backtest] 使用动态滚动universe
  [skip] 2021-12-31: 评分不足 80
  [skip] 2022-03-31: 评分不足 80
  [skip] 2022-06-30: 评分不足 80
  [skip] 2022-12-30: 评分不足 80
  [skip] 2023-03-31: 评分不足 80
  [skip] 2023-06-30: 评分不足 80
  [skip] 2023-09-28: 评分不足 80
  [skip] 2023-12-29: 评分不足 80
  [skip] 2024-03-29: 评分不足 80
  [skip] 2024-09-30: 评分不足 80
  [skip] 2024-12-31: 评分不足 80
  [skip] 2025-03-31: 评分不足 80
  [skip] 2025-06-30: 评分不足 80
  [skip] 2025-09-30: 评分不足 80
  [skip] 2025-12-31: 评分不足 80
  [skip] 2026-03-31: 评分不足 80
  [skip] 2026-06-18: 评分不足 80
[129/140] 32s | Q TOP80 止损=无 0-30亿 年化=14.9% 夏普=0.64 回撤=-15.7%
[backtest] 回测区间: 2018-09-28 ~ 2026-06-18
[backtest] 调仓次数: 32
[backtest] 使用动态滚动universe
[130/140] 34s | Q TOP80 止损=无 30-80亿 年化=8.2% 夏普=0.36 回撤=-23.3%
[backtest] 回测区间: 2018-09-28 ~ 2026-06-18
[backtest] 调仓次数: 32
[backtest] 使用动态滚动universe
  [skip] 2018-09-28: 评分不足 80
  [skip] 2018-12-28: 评分不足 80
[131/140] 35s | Q TOP80 止损=无 80亿+ 年化=5.6% 夏普=0.25 回撤=-19.8%
[backtest_sl] 区间: 2018-09-28 ~ 2026-06-18
[backtest_sl] 调仓: 32次, 止损线: -10%
[backtest_sl] 动态滚动universe
[132/140] 32s | Q TOP80 止损=-0.1 全池 年化=7.7% 夏普=0.22 回撤=-17.5%
[backtest_sl] 区间: 2018-09-28 ~ 2026-06-18
[backtest_sl] 调仓: 32次, 止损线: -10%
[backtest_sl] 动态滚动universe
[133/140] 30s | Q TOP80 止损=-0.1 0-30亿 年化=14.3% 夏普=0.53 回撤=-18.3%
[backtest_sl] 区间: 2018-09-28 ~ 2026-06-18
[backtest_sl] 调仓: 32次, 止损线: -10%
[backtest_sl] 动态滚动universe
[134/140] 32s | Q TOP80 止损=-0.1 30-80亿 年化=9.5% 夏普=0.29 回撤=-21.7%
[backtest_sl] 区间: 2018-09-28 ~ 2026-06-18
[backtest_sl] 调仓: 32次, 止损线: -12%
[backtest_sl] 动态滚动universe
[135/140] 33s | Q TOP80 止损=-0.12 全池 年化=7.6% 夏普=0.22 回撤=-17.5%
[backtest_sl] 区间: 2018-09-28 ~ 2026-06-18
[backtest_sl] 调仓: 32次, 止损线: -12%
[backtest_sl] 动态滚动universe
[136/140] 31s | Q TOP80 止损=-0.12 0-30亿 年化=14.3% 夏普=0.54 回撤=-18.5%
[backtest_sl] 区间: 2018-09-28 ~ 2026-06-18
[backtest_sl] 调仓: 32次, 止损线: -12%
[backtest_sl] 动态滚动universe
[137/140] 31s | Q TOP80 止损=-0.12 30-80亿 年化=9.6% 夏普=0.30 回撤=-21.7%
[backtest_sl] 区间: 2018-09-28 ~ 2026-06-18
[backtest_sl] 调仓: 32次, 止损线: -15%
[backtest_sl] 动态滚动universe
[138/140] 32s | Q TOP80 止损=-0.15 全池 年化=7.7% 夏普=0.24 回撤=-17.4%
  >> 已保存 810 组到 D:/QMT_STRATEGIES/research/multi_factor_ic/reports/v3_optimize/param_matrix_20260719.csv
[backtest_sl] 区间: 2018-09-28 ~ 2026-06-18
[backtest_sl] 调仓: 32次, 止损线: -15%
[backtest_sl] 动态滚动universe
[139/140] 30s | Q TOP80 止损=-0.15 0-30亿 年化=14.4% 夏普=0.55 回撤=-18.3%
[backtest_sl] 区间: 2018-09-28 ~ 2026-06-18
[backtest_sl] 调仓: 32次, 止损线: -15%
[backtest_sl] 动态滚动universe
[140/140] 31s | Q TOP80 止损=-0.15 30-80亿 年化=9.6% 夏普=0.32 回撤=-21.4%

完成! 总耗时 7322秒, 140 组回测
结果已保存: D:/QMT_STRATEGIES/research/multi_factor_ic/reports/v3_optimize/param_matrix_20260719.csv
